app/build/intermediates/manifest_merge_blame_file/release/processReleaseMainManifest/manifest-merger-blame-release-report.txt
1<?xml version="1.0" encoding="utf-8"?>
2<manifest xmlns:android="http://schemas.android.com/apk/res/android"
3    package="com.smartphonecleaner.pro"
4    android:versionCode="1"
5    android:versionName="1.0" >
6
7    <uses-sdk
8        android:minSdkVersion="24"
9        android:targetSdkVersion="35" />
10
11    <!-- Permissions for a cleaner app -->
12    <uses-permission android:name="android.permission.READ_EXTERNAL_STORAGE" />
12-->src/main/AndroidManifest.xml:6:5-80
12-->src/main/AndroidManifest.xml:6:22-77
13    <uses-permission android:name="android.permission.WRITE_EXTERNAL_STORAGE" />
13-->src/main/AndroidManifest.xml:7:5-81
13-->src/main/AndroidManifest.xml:7:22-78
14    <uses-permission android:name="android.permission.MANAGE_EXTERNAL_STORAGE" /> <!-- For Android 11+ -->
14-->src/main/AndroidManifest.xml:8:5-82
14-->src/main/AndroidManifest.xml:8:22-79
15    <uses-permission android:name="android.permission.INTERNET" /> <!-- If needed -->
15-->src/main/AndroidManifest.xml:9:5-67
15-->src/main/AndroidManifest.xml:9:22-64
16    <uses-permission android:name="android.permission.REQUEST_DELETE_PACKAGES" /> <!-- For uninstalling apps -->
16-->src/main/AndroidManifest.xml:10:5-82
16-->src/main/AndroidManifest.xml:10:22-79
17    <uses-permission android:name="android.permission.KILL_BACKGROUND_PROCESSES" /> <!-- For memory boosting -->
17-->src/main/AndroidManifest.xml:11:5-84
17-->src/main/AndroidManifest.xml:11:22-81
18    <uses-permission android:name="android.permission.ACCESS_NETWORK_STATE" />
18-->src/main/AndroidManifest.xml:12:5-79
18-->src/main/AndroidManifest.xml:12:22-76
19    <uses-permission android:name="com.google.android.gms.permission.AD_ID" />
19-->src/main/AndroidManifest.xml:13:5-79
19-->src/main/AndroidManifest.xml:13:22-76
20    <uses-permission android:name="android.permission.RECEIVE_BOOT_COMPLETED" />
20-->src/main/AndroidManifest.xml:14:5-81
20-->src/main/AndroidManifest.xml:14:22-78
21    <uses-permission android:name="android.permission.VIBRATE" />
21-->src/main/AndroidManifest.xml:15:5-66
21-->src/main/AndroidManifest.xml:15:22-63
22    <uses-permission android:name="android.permission.POST_NOTIFICATIONS" />
22-->src/main/AndroidManifest.xml:16:5-77
22-->src/main/AndroidManifest.xml:16:22-74
23
24    <queries>
24-->src/main/AndroidManifest.xml:18:5-23:15
25        <intent>
25-->src/main/AndroidManifest.xml:19:9-22:18
26            <action android:name="android.intent.action.MAIN" />
26-->src/main/AndroidManifest.xml:20:13-65
26-->src/main/AndroidManifest.xml:20:21-62
27
28            <category android:name="android.intent.category.LAUNCHER" />
28-->src/main/AndroidManifest.xml:21:13-73
28-->src/main/AndroidManifest.xml:21:23-70
29        </intent>
30        <!-- For browser content -->
31        <intent>
31-->[com.google.android.gms:play-services-ads-lite:23.0.0] AndroidManifest.xml:38:9-44:18
32            <action android:name="android.intent.action.VIEW" />
32-->[com.google.android.gms:play-services-ads-lite:23.0.0] AndroidManifest.xml:39:13-65
32-->[com.google.android.gms:play-services-ads-lite:23.0.0] AndroidManifest.xml:39:21-62
33
34            <category android:name="android.intent.category.BROWSABLE" />
34-->[com.google.android.gms:play-services-ads-lite:23.0.0] AndroidManifest.xml:41:13-74
34-->[com.google.android.gms:play-services-ads-lite:23.0.0] AndroidManifest.xml:41:23-71
35
36            <data android:scheme="https" />
36-->[com.google.android.gms:play-services-ads-lite:23.0.0] AndroidManifest.xml:43:13-44
36-->[com.google.android.gms:play-services-ads-lite:23.0.0] AndroidManifest.xml:43:19-41
37        </intent> <!-- End of browser content -->
38        <!-- For CustomTabsService -->
39        <intent>
39-->[com.google.android.gms:play-services-ads-lite:23.0.0] AndroidManifest.xml:47:9-49:18
40            <action android:name="android.support.customtabs.action.CustomTabsService" />
40-->[com.google.android.gms:play-services-ads-lite:23.0.0] AndroidManifest.xml:48:13-90
40-->[com.google.android.gms:play-services-ads-lite:23.0.0] AndroidManifest.xml:48:21-87
41        </intent>
42    </queries>
43
44    <uses-permission android:name="android.permission.ACCESS_ADSERVICES_AD_ID" />
44-->[com.google.android.gms:play-services-ads-lite:23.0.0] AndroidManifest.xml:27:5-82
44-->[com.google.android.gms:play-services-ads-lite:23.0.0] AndroidManifest.xml:27:22-79
45    <uses-permission android:name="android.permission.ACCESS_ADSERVICES_ATTRIBUTION" />
45-->[com.google.android.gms:play-services-ads-lite:23.0.0] AndroidManifest.xml:28:5-88
45-->[com.google.android.gms:play-services-ads-lite:23.0.0] AndroidManifest.xml:28:22-85
46    <uses-permission android:name="android.permission.ACCESS_ADSERVICES_TOPICS" />
46-->[com.google.android.gms:play-services-ads-lite:23.0.0] AndroidManifest.xml:29:5-83
46-->[com.google.android.gms:play-services-ads-lite:23.0.0] AndroidManifest.xml:29:22-80
47    <uses-permission android:name="android.permission.WAKE_LOCK" />
47-->[com.google.android.gms:play-services-measurement-sdk-api:20.1.2] AndroidManifest.xml:25:5-68
47-->[com.google.android.gms:play-services-measurement-sdk-api:20.1.2] AndroidManifest.xml:25:22-65
48    <uses-permission android:name="android.permission.FOREGROUND_SERVICE" />
48-->[androidx.work:work-runtime:2.9.0] AndroidManifest.xml:26:5-77
48-->[androidx.work:work-runtime:2.9.0] AndroidManifest.xml:26:22-74
49
50    <permission
50-->[androidx.core:core:1.12.0] AndroidManifest.xml:22:5-24:47
51        android:name="com.smartphonecleaner.pro.DYNAMIC_RECEIVER_NOT_EXPORTED_PERMISSION"
51-->[androidx.core:core:1.12.0] AndroidManifest.xml:23:9-81
52        android:protectionLevel="signature" />
52-->[androidx.core:core:1.12.0] AndroidManifest.xml:24:9-44
53
54    <uses-permission android:name="com.smartphonecleaner.pro.DYNAMIC_RECEIVER_NOT_EXPORTED_PERMISSION" />
54-->[androidx.core:core:1.12.0] AndroidManifest.xml:26:5-97
54-->[androidx.core:core:1.12.0] AndroidManifest.xml:26:22-94
55
56    <application
56-->src/main/AndroidManifest.xml:25:5-62:19
57        android:name="com.smartphonecleaner.pro.SmartCleanerApp"
57-->src/main/AndroidManifest.xml:26:9-40
58        android:allowBackup="true"
58-->src/main/AndroidManifest.xml:27:9-35
59        android:appComponentFactory="androidx.core.app.CoreComponentFactory"
59-->[androidx.core:core:1.12.0] AndroidManifest.xml:28:18-86
60        android:extractNativeLibs="false"
61        android:icon="@drawable/ic_launcher"
61-->src/main/AndroidManifest.xml:28:9-45
62        android:label="@string/app_name"
62-->src/main/AndroidManifest.xml:29:9-41
63        android:theme="@style/AppTheme" >
63-->src/main/AndroidManifest.xml:30:9-40
64        <meta-data
64-->src/main/AndroidManifest.xml:32:9-34:70
65            android:name="com.google.android.gms.ads.APPLICATION_ID"
65-->src/main/AndroidManifest.xml:33:13-69
66            android:value="ca-app-pub-9404247994579655~5908465971" />
66-->src/main/AndroidManifest.xml:34:13-67
67
68        <activity
68-->src/main/AndroidManifest.xml:36:9-43:20
69            android:name="com.smartphonecleaner.pro.presentation.ui.onboarding.OnboardingActivity"
69-->src/main/AndroidManifest.xml:37:13-74
70            android:exported="true" >
70-->src/main/AndroidManifest.xml:38:13-36
71            <intent-filter>
71-->src/main/AndroidManifest.xml:39:13-42:29
72                <action android:name="android.intent.action.MAIN" />
72-->src/main/AndroidManifest.xml:20:13-65
72-->src/main/AndroidManifest.xml:20:21-62
73
74                <category android:name="android.intent.category.LAUNCHER" />
74-->src/main/AndroidManifest.xml:21:13-73
74-->src/main/AndroidManifest.xml:21:23-70
75            </intent-filter>
76        </activity>
77        <activity
77-->src/main/AndroidManifest.xml:45:9-48:20
78            android:name="com.smartphonecleaner.pro.MainActivity"
78-->src/main/AndroidManifest.xml:46:13-41
79            android:exported="true" >
79-->src/main/AndroidManifest.xml:47:13-36
80        </activity>
81
82        <!-- Widget Provider -->
83        <receiver
83-->src/main/AndroidManifest.xml:51:9-60:20
84            android:name="com.smartphonecleaner.pro.presentation.widget.CleanerWidgetProvider"
84-->src/main/AndroidManifest.xml:52:13-70
85            android:exported="true" >
85-->src/main/AndroidManifest.xml:53:13-36
86            <intent-filter>
86-->src/main/AndroidManifest.xml:54:13-56:29
87                <action android:name="android.appwidget.action.APPWIDGET_UPDATE" />
87-->src/main/AndroidManifest.xml:55:17-84
87-->src/main/AndroidManifest.xml:55:25-81
88            </intent-filter>
89
90            <meta-data
90-->src/main/AndroidManifest.xml:57:13-59:63
91                android:name="android.appwidget.provider"
91-->src/main/AndroidManifest.xml:58:17-58
92                android:resource="@xml/widget_cleaner_info" />
92-->src/main/AndroidManifest.xml:59:17-60
93        </receiver>
94
95        <!-- Include the AdActivity and InAppPurchaseActivity configChanges and themes. -->
96        <activity
96-->[com.google.android.gms:play-services-ads-lite:23.0.0] AndroidManifest.xml:56:9-61:43
97            android:name="com.google.android.gms.ads.AdActivity"
97-->[com.google.android.gms:play-services-ads-lite:23.0.0] AndroidManifest.xml:57:13-65
98            android:configChanges="keyboard|keyboardHidden|orientation|screenLayout|uiMode|screenSize|smallestScreenSize"
98-->[com.google.android.gms:play-services-ads-lite:23.0.0] AndroidManifest.xml:58:13-122
99            android:exported="false"
99-->[com.google.android.gms:play-services-ads-lite:23.0.0] AndroidManifest.xml:59:13-37
100            android:theme="@android:style/Theme.Translucent" />
100-->[com.google.android.gms:play-services-ads-lite:23.0.0] AndroidManifest.xml:60:13-61
101
102        <provider
102-->[com.google.android.gms:play-services-ads-lite:23.0.0] AndroidManifest.xml:63:9-68:43
103            android:name="com.google.android.gms.ads.MobileAdsInitProvider"
103-->[com.google.android.gms:play-services-ads-lite:23.0.0] AndroidManifest.xml:64:13-76
104            android:authorities="com.smartphonecleaner.pro.mobileadsinitprovider"
104-->[com.google.android.gms:play-services-ads-lite:23.0.0] AndroidManifest.xml:65:13-73
105            android:exported="false"
105-->[com.google.android.gms:play-services-ads-lite:23.0.0] AndroidManifest.xml:66:13-37
106            android:initOrder="100" />
106-->[com.google.android.gms:play-services-ads-lite:23.0.0] AndroidManifest.xml:67:13-36
107
108        <service
108-->[com.google.android.gms:play-services-ads-lite:23.0.0] AndroidManifest.xml:70:9-74:43
109            android:name="com.google.android.gms.ads.AdService"
109-->[com.google.android.gms:play-services-ads-lite:23.0.0] AndroidManifest.xml:71:13-64
110            android:enabled="true"
110-->[com.google.android.gms:play-services-ads-lite:23.0.0] AndroidManifest.xml:72:13-35
111            android:exported="false" />
111-->[com.google.android.gms:play-services-ads-lite:23.0.0] AndroidManifest.xml:73:13-37
112
113        <activity
113-->[com.google.android.gms:play-services-ads-lite:23.0.0] AndroidManifest.xml:76:9-80:43
114            android:name="com.google.android.gms.ads.OutOfContextTestingActivity"
114-->[com.google.android.gms:play-services-ads-lite:23.0.0] AndroidManifest.xml:77:13-82
115            android:configChanges="keyboard|keyboardHidden|orientation|screenLayout|uiMode|screenSize|smallestScreenSize"
115-->[com.google.android.gms:play-services-ads-lite:23.0.0] AndroidManifest.xml:78:13-122
116            android:exported="false" />
116-->[com.google.android.gms:play-services-ads-lite:23.0.0] AndroidManifest.xml:79:13-37
117        <activity
117-->[com.google.android.gms:play-services-ads-lite:23.0.0] AndroidManifest.xml:81:9-88:43
118            android:name="com.google.android.gms.ads.NotificationHandlerActivity"
118-->[com.google.android.gms:play-services-ads-lite:23.0.0] AndroidManifest.xml:82:13-82
119            android:excludeFromRecents="true"
119-->[com.google.android.gms:play-services-ads-lite:23.0.0] AndroidManifest.xml:83:13-46
120            android:exported="false"
120-->[com.google.android.gms:play-services-ads-lite:23.0.0] AndroidManifest.xml:84:13-37
121            android:launchMode="singleTask"
121-->[com.google.android.gms:play-services-ads-lite:23.0.0] AndroidManifest.xml:85:13-44
122            android:taskAffinity=""
122-->[com.google.android.gms:play-services-ads-lite:23.0.0] AndroidManifest.xml:86:13-36
123            android:theme="@android:style/Theme.Translucent.NoTitleBar" />
123-->[com.google.android.gms:play-services-ads-lite:23.0.0] AndroidManifest.xml:87:13-72
124
125        <property
125-->[com.google.android.gms:play-services-ads-lite:23.0.0] AndroidManifest.xml:90:9-92:62
126            android:name="android.adservices.AD_SERVICES_CONFIG"
126-->[com.google.android.gms:play-services-ads-lite:23.0.0] AndroidManifest.xml:91:13-65
127            android:resource="@xml/gma_ad_services_config" />
127-->[com.google.android.gms:play-services-ads-lite:23.0.0] AndroidManifest.xml:92:13-59
128
129        <activity
129-->[com.google.android.gms:play-services-base:18.0.0] AndroidManifest.xml:20:9-22:45
130            android:name="com.google.android.gms.common.api.GoogleApiActivity"
130-->[com.google.android.gms:play-services-base:18.0.0] AndroidManifest.xml:20:19-85
131            android:exported="false"
131-->[com.google.android.gms:play-services-base:18.0.0] AndroidManifest.xml:22:19-43
132            android:theme="@android:style/Theme.Translucent.NoTitleBar" />
132-->[com.google.android.gms:play-services-base:18.0.0] AndroidManifest.xml:21:19-78
133
134        <meta-data
134-->[com.google.android.gms:play-services-basement:18.2.0] AndroidManifest.xml:21:9-23:69
135            android:name="com.google.android.gms.version"
135-->[com.google.android.gms:play-services-basement:18.2.0] AndroidManifest.xml:22:13-58
136            android:value="@integer/google_play_services_version" />
136-->[com.google.android.gms:play-services-basement:18.2.0] AndroidManifest.xml:23:13-66
137
138        <provider
138-->[androidx.emoji2:emoji2:1.2.0] AndroidManifest.xml:24:9-32:20
139            android:name="androidx.startup.InitializationProvider"
139-->[androidx.emoji2:emoji2:1.2.0] AndroidManifest.xml:25:13-67
140            android:authorities="com.smartphonecleaner.pro.androidx-startup"
140-->[androidx.emoji2:emoji2:1.2.0] AndroidManifest.xml:26:13-68
141            android:exported="false" >
141-->[androidx.emoji2:emoji2:1.2.0] AndroidManifest.xml:27:13-37
142            <meta-data
142-->[androidx.emoji2:emoji2:1.2.0] AndroidManifest.xml:29:13-31:52
143                android:name="androidx.emoji2.text.EmojiCompatInitializer"
143-->[androidx.emoji2:emoji2:1.2.0] AndroidManifest.xml:30:17-75
144                android:value="androidx.startup" />
144-->[androidx.emoji2:emoji2:1.2.0] AndroidManifest.xml:31:17-49
145            <meta-data
145-->[androidx.work:work-runtime:2.9.0] AndroidManifest.xml:34:13-36:52
146                android:name="androidx.work.WorkManagerInitializer"
146-->[androidx.work:work-runtime:2.9.0] AndroidManifest.xml:35:17-68
147                android:value="androidx.startup" />
147-->[androidx.work:work-runtime:2.9.0] AndroidManifest.xml:36:17-49
148            <meta-data
148-->[androidx.lifecycle:lifecycle-process:2.7.0] AndroidManifest.xml:29:13-31:52
149                android:name="androidx.lifecycle.ProcessLifecycleInitializer"
149-->[androidx.lifecycle:lifecycle-process:2.7.0] AndroidManifest.xml:30:17-78
150                android:value="androidx.startup" />
150-->[androidx.lifecycle:lifecycle-process:2.7.0] AndroidManifest.xml:31:17-49
151            <meta-data
151-->[androidx.profileinstaller:profileinstaller:1.3.0] AndroidManifest.xml:29:13-31:52
152                android:name="androidx.profileinstaller.ProfileInstallerInitializer"
152-->[androidx.profileinstaller:profileinstaller:1.3.0] AndroidManifest.xml:30:17-85
153                android:value="androidx.startup" />
153-->[androidx.profileinstaller:profileinstaller:1.3.0] AndroidManifest.xml:31:17-49
154        </provider>
155
156        <service
156-->[androidx.work:work-runtime:2.9.0] AndroidManifest.xml:39:9-45:35
157            android:name="androidx.work.impl.background.systemalarm.SystemAlarmService"
157-->[androidx.work:work-runtime:2.9.0] AndroidManifest.xml:40:13-88
158            android:directBootAware="false"
158-->[androidx.work:work-runtime:2.9.0] AndroidManifest.xml:41:13-44
159            android:enabled="@bool/enable_system_alarm_service_default"
159-->[androidx.work:work-runtime:2.9.0] AndroidManifest.xml:42:13-72
160            android:exported="false" />
160-->[androidx.work:work-runtime:2.9.0] AndroidManifest.xml:43:13-37
161        <service
161-->[androidx.work:work-runtime:2.9.0] AndroidManifest.xml:46:9-52:35
162            android:name="androidx.work.impl.background.systemjob.SystemJobService"
162-->[androidx.work:work-runtime:2.9.0] AndroidManifest.xml:47:13-84
163            android:directBootAware="false"
163-->[androidx.work:work-runtime:2.9.0] AndroidManifest.xml:48:13-44
164            android:enabled="@bool/enable_system_job_service_default"
164-->[androidx.work:work-runtime:2.9.0] AndroidManifest.xml:49:13-70
165            android:exported="true"
165-->[androidx.work:work-runtime:2.9.0] AndroidManifest.xml:50:13-36
166            android:permission="android.permission.BIND_JOB_SERVICE" />
166-->[androidx.work:work-runtime:2.9.0] AndroidManifest.xml:51:13-69
167        <service
167-->[androidx.work:work-runtime:2.9.0] AndroidManifest.xml:53:9-59:35
168            android:name="androidx.work.impl.foreground.SystemForegroundService"
168-->[androidx.work:work-runtime:2.9.0] AndroidManifest.xml:54:13-81
169            android:directBootAware="false"
169-->[androidx.work:work-runtime:2.9.0] AndroidManifest.xml:55:13-44
170            android:enabled="@bool/enable_system_foreground_service_default"
170-->[androidx.work:work-runtime:2.9.0] AndroidManifest.xml:56:13-77
171            android:exported="false" />
171-->[androidx.work:work-runtime:2.9.0] AndroidManifest.xml:57:13-37
172
173        <receiver
173-->[androidx.work:work-runtime:2.9.0] AndroidManifest.xml:61:9-66:35
174            android:name="androidx.work.impl.utils.ForceStopRunnable$BroadcastReceiver"
174-->[androidx.work:work-runtime:2.9.0] AndroidManifest.xml:62:13-88
175            android:directBootAware="false"
175-->[androidx.work:work-runtime:2.9.0] AndroidManifest.xml:63:13-44
176            android:enabled="true"
176-->[androidx.work:work-runtime:2.9.0] AndroidManifest.xml:64:13-35
177            android:exported="false" />
177-->[androidx.work:work-runtime:2.9.0] AndroidManifest.xml:65:13-37
178        <receiver
178-->[androidx.work:work-runtime:2.9.0] AndroidManifest.xml:67:9-77:20
179            android:name="androidx.work.impl.background.systemalarm.ConstraintProxy$BatteryChargingProxy"
179-->[androidx.work:work-runtime:2.9.0] AndroidManifest.xml:68:13-106
180            android:directBootAware="false"
180-->[androidx.work:work-runtime:2.9.0] AndroidManifest.xml:69:13-44
181            android:enabled="false"
181-->[androidx.work:work-runtime:2.9.0] AndroidManifest.xml:70:13-36
182            android:exported="false" >
182-->[androidx.work:work-runtime:2.9.0] AndroidManifest.xml:71:13-37
183            <intent-filter>
183-->[androidx.work:work-runtime:2.9.0] AndroidManifest.xml:73:13-76:29
184                <action android:name="android.intent.action.ACTION_POWER_CONNECTED" />
184-->[androidx.work:work-runtime:2.9.0] AndroidManifest.xml:74:17-87
184-->[androidx.work:work-runtime:2.9.0] AndroidManifest.xml:74:25-84
185                <action android:name="android.intent.action.ACTION_POWER_DISCONNECTED" />
185-->[androidx.work:work-runtime:2.9.0] AndroidManifest.xml:75:17-90
185-->[androidx.work:work-runtime:2.9.0] AndroidManifest.xml:75:25-87
186            </intent-filter>
187        </receiver>
188        <receiver
188-->[androidx.work:work-runtime:2.9.0] AndroidManifest.xml:78:9-88:20
189            android:name="androidx.work.impl.background.systemalarm.ConstraintProxy$BatteryNotLowProxy"
189-->[androidx.work:work-runtime:2.9.0] AndroidManifest.xml:79:13-104
190            android:directBootAware="false"
190-->[androidx.work:work-runtime:2.9.0] AndroidManifest.xml:80:13-44
191            android:enabled="false"
191-->[androidx.work:work-runtime:2.9.0] AndroidManifest.xml:81:13-36
192            android:exported="false" >
192-->[androidx.work:work-runtime:2.9.0] AndroidManifest.xml:82:13-37
193            <intent-filter>
193-->[androidx.work:work-runtime:2.9.0] AndroidManifest.xml:84:13-87:29
194                <action android:name="android.intent.action.BATTERY_OKAY" />
194-->[androidx.work:work-runtime:2.9.0] AndroidManifest.xml:85:17-77
194-->[androidx.work:work-runtime:2.9.0] AndroidManifest.xml:85:25-74
195                <action android:name="android.intent.action.BATTERY_LOW" />
195-->[androidx.work:work-runtime:2.9.0] AndroidManifest.xml:86:17-76
195-->[androidx.work:work-runtime:2.9.0] AndroidManifest.xml:86:25-73
196            </intent-filter>
197        </receiver>
198        <receiver
198-->[androidx.work:work-runtime:2.9.0] AndroidManifest.xml:89:9-99:20
199            android:name="androidx.work.impl.background.systemalarm.ConstraintProxy$StorageNotLowProxy"
199-->[androidx.work:work-runtime:2.9.0] AndroidManifest.xml:90:13-104
200            android:directBootAware="false"
200-->[androidx.work:work-runtime:2.9.0] AndroidManifest.xml:91:13-44
201            android:enabled="false"
201-->[androidx.work:work-runtime:2.9.0] AndroidManifest.xml:92:13-36
202            android:exported="false" >
202-->[androidx.work:work-runtime:2.9.0] AndroidManifest.xml:93:13-37
203            <intent-filter>
203-->[androidx.work:work-runtime:2.9.0] AndroidManifest.xml:95:13-98:29
204                <action android:name="android.intent.action.DEVICE_STORAGE_LOW" />
204-->[androidx.work:work-runtime:2.9.0] AndroidManifest.xml:96:17-83
204-->[androidx.work:work-runtime:2.9.0] AndroidManifest.xml:96:25-80
205                <action android:name="android.intent.action.DEVICE_STORAGE_OK" />
205-->[androidx.work:work-runtime:2.9.0] AndroidManifest.xml:97:17-82
205-->[androidx.work:work-runtime:2.9.0] AndroidManifest.xml:97:25-79
206            </intent-filter>
207        </receiver>
208        <receiver
208-->[androidx.work:work-runtime:2.9.0] AndroidManifest.xml:100:9-109:20
209            android:name="androidx.work.impl.background.systemalarm.ConstraintProxy$NetworkStateProxy"
209-->[androidx.work:work-runtime:2.9.0] AndroidManifest.xml:101:13-103
210            android:directBootAware="false"
210-->[androidx.work:work-runtime:2.9.0] AndroidManifest.xml:102:13-44
211            android:enabled="false"
211-->[androidx.work:work-runtime:2.9.0] AndroidManifest.xml:103:13-36
212            android:exported="false" >
212-->[androidx.work:work-runtime:2.9.0] AndroidManifest.xml:104:13-37
213            <intent-filter>
213-->[androidx.work:work-runtime:2.9.0] AndroidManifest.xml:106:13-108:29
214                <action android:name="android.net.conn.CONNECTIVITY_CHANGE" />
214-->[androidx.work:work-runtime:2.9.0] AndroidManifest.xml:107:17-79
214-->[androidx.work:work-runtime:2.9.0] AndroidManifest.xml:107:25-76
215            </intent-filter>
216        </receiver>
217        <receiver
217-->[androidx.work:work-runtime:2.9.0] AndroidManifest.xml:110:9-121:20
218            android:name="androidx.work.impl.background.systemalarm.RescheduleReceiver"
218-->[androidx.work:work-runtime:2.9.0] AndroidManifest.xml:111:13-88
219            android:directBootAware="false"
219-->[androidx.work:work-runtime:2.9.0] AndroidManifest.xml:112:13-44
220            android:enabled="false"
220-->[androidx.work:work-runtime:2.9.0] AndroidManifest.xml:113:13-36
221            android:exported="false" >
221-->[androidx.work:work-runtime:2.9.0] AndroidManifest.xml:114:13-37
222            <intent-filter>
222-->[androidx.work:work-runtime:2.9.0] AndroidManifest.xml:116:13-120:29
223                <action android:name="android.intent.action.BOOT_COMPLETED" />
223-->[androidx.work:work-runtime:2.9.0] AndroidManifest.xml:117:17-79
223-->[androidx.work:work-runtime:2.9.0] AndroidManifest.xml:117:25-76
224                <action android:name="android.intent.action.TIME_SET" />
224-->[androidx.work:work-runtime:2.9.0] AndroidManifest.xml:118:17-73
224-->[androidx.work:work-runtime:2.9.0] AndroidManifest.xml:118:25-70
225                <action android:name="android.intent.action.TIMEZONE_CHANGED" />
225-->[androidx.work:work-runtime:2.9.0] AndroidManifest.xml:119:17-81
225-->[androidx.work:work-runtime:2.9.0] AndroidManifest.xml:119:25-78
226            </intent-filter>
227        </receiver>
228        <receiver
228-->[androidx.work:work-runtime:2.9.0] AndroidManifest.xml:122:9-131:20
229            android:name="androidx.work.impl.background.systemalarm.ConstraintProxyUpdateReceiver"
229-->[androidx.work:work-runtime:2.9.0] AndroidManifest.xml:123:13-99
230            android:directBootAware="false"
230-->[androidx.work:work-runtime:2.9.0] AndroidManifest.xml:124:13-44
231            android:enabled="@bool/enable_system_alarm_service_default"
231-->[androidx.work:work-runtime:2.9.0] AndroidManifest.xml:125:13-72
232            android:exported="false" >
232-->[androidx.work:work-runtime:2.9.0] AndroidManifest.xml:126:13-37
233            <intent-filter>
233-->[androidx.work:work-runtime:2.9.0] AndroidManifest.xml:128:13-130:29
234                <action android:name="androidx.work.impl.background.systemalarm.UpdateProxies" />
234-->[androidx.work:work-runtime:2.9.0] AndroidManifest.xml:129:17-98
234-->[androidx.work:work-runtime:2.9.0] AndroidManifest.xml:129:25-95
235            </intent-filter>
236        </receiver>
237        <receiver
237-->[androidx.work:work-runtime:2.9.0] AndroidManifest.xml:132:9-142:20
238            android:name="androidx.work.impl.diagnostics.DiagnosticsReceiver"
238-->[androidx.work:work-runtime:2.9.0] AndroidManifest.xml:133:13-78
239            android:directBootAware="false"
239-->[androidx.work:work-runtime:2.9.0] AndroidManifest.xml:134:13-44
240            android:enabled="true"
240-->[androidx.work:work-runtime:2.9.0] AndroidManifest.xml:135:13-35
241            android:exported="true"
241-->[androidx.work:work-runtime:2.9.0] AndroidManifest.xml:136:13-36
242            android:permission="android.permission.DUMP" >
242-->[androidx.work:work-runtime:2.9.0] AndroidManifest.xml:137:13-57
243            <intent-filter>
243-->[androidx.work:work-runtime:2.9.0] AndroidManifest.xml:139:13-141:29
244                <action android:name="androidx.work.diagnostics.REQUEST_DIAGNOSTICS" />
244-->[androidx.work:work-runtime:2.9.0] AndroidManifest.xml:140:17-88
244-->[androidx.work:work-runtime:2.9.0] AndroidManifest.xml:140:25-85
245            </intent-filter>
246        </receiver>
247
248        <uses-library
248-->[androidx.window:window:1.0.0] AndroidManifest.xml:25:9-27:40
249            android:name="androidx.window.extensions"
249-->[androidx.window:window:1.0.0] AndroidManifest.xml:26:13-54
250            android:required="false" />
250-->[androidx.window:window:1.0.0] AndroidManifest.xml:27:13-37
251        <uses-library
251-->[androidx.window:window:1.0.0] AndroidManifest.xml:28:9-30:40
252            android:name="androidx.window.sidecar"
252-->[androidx.window:window:1.0.0] AndroidManifest.xml:29:13-51
253            android:required="false" />
253-->[androidx.window:window:1.0.0] AndroidManifest.xml:30:13-37
254        <uses-library
254-->[androidx.privacysandbox.ads:ads-adservices:1.0.0-beta05] AndroidManifest.xml:23:9-25:40
255            android:name="android.ext.adservices"
255-->[androidx.privacysandbox.ads:ads-adservices:1.0.0-beta05] AndroidManifest.xml:24:13-50
256            android:required="false" />
256-->[androidx.privacysandbox.ads:ads-adservices:1.0.0-beta05] AndroidManifest.xml:25:13-37
257
258        <service
258-->[androidx.room:room-runtime:2.6.1] AndroidManifest.xml:24:9-28:63
259            android:name="androidx.room.MultiInstanceInvalidationService"
259-->[androidx.room:room-runtime:2.6.1] AndroidManifest.xml:25:13-74
260            android:directBootAware="true"
260-->[androidx.room:room-runtime:2.6.1] AndroidManifest.xml:26:13-43
261            android:exported="false" />
261-->[androidx.room:room-runtime:2.6.1] AndroidManifest.xml:27:13-37
262
263        <receiver
263-->[androidx.profileinstaller:profileinstaller:1.3.0] AndroidManifest.xml:34:9-52:20
264            android:name="androidx.profileinstaller.ProfileInstallReceiver"
264-->[androidx.profileinstaller:profileinstaller:1.3.0] AndroidManifest.xml:35:13-76
265            android:directBootAware="false"
265-->[androidx.profileinstaller:profileinstaller:1.3.0] AndroidManifest.xml:36:13-44
266            android:enabled="true"
266-->[androidx.profileinstaller:profileinstaller:1.3.0] AndroidManifest.xml:37:13-35
267            android:exported="true"
267-->[androidx.profileinstaller:profileinstaller:1.3.0] AndroidManifest.xml:38:13-36
268            android:permission="android.permission.DUMP" >
268-->[androidx.profileinstaller:profileinstaller:1.3.0] AndroidManifest.xml:39:13-57
269            <intent-filter>
269-->[androidx.profileinstaller:profileinstaller:1.3.0] AndroidManifest.xml:40:13-42:29
270                <action android:name="androidx.profileinstaller.action.INSTALL_PROFILE" />
270-->[androidx.profileinstaller:profileinstaller:1.3.0] AndroidManifest.xml:41:17-91
270-->[androidx.profileinstaller:profileinstaller:1.3.0] AndroidManifest.xml:41:25-88
271            </intent-filter>
272            <intent-filter>
272-->[androidx.profileinstaller:profileinstaller:1.3.0] AndroidManifest.xml:43:13-45:29
273                <action android:name="androidx.profileinstaller.action.SKIP_FILE" />